<?xml version="1.0" encoding="UTF-8"?>
<testng-results ignored="0" total="1" passed="1" failed="0" skipped="0">
  <reporter-output>
    <line>
      <![CDATA[Lunching Chrome Browser]]>
    </line>
    <line>
      <![CDATA[Browser Lunch Succesful]]>
    </line>
    <line>
      <![CDATA[Screenshoot taken form TC 100]]>
    </line>
    <line>
      <![CDATA[validate userID]]>
    </line>
    <line>
      <![CDATA[logout Kite App]]>
    </line>
    <line>
      <![CDATA[Closing Browser]]>
    </line>
    <line>
      <![CDATA[close Browser]]>
    </line>
  </reporter-output>
  <suite started-at="2022-04-01T18:41:40 IST" name="Default suite" finished-at="2022-04-01T18:41:55 IST" duration-ms="14989">
    <groups>
    </groups>
    <test started-at="2022-04-01T18:41:40 IST" name="Default test" finished-at="2022-04-01T18:41:55 IST" duration-ms="14989">
      <class name="kiteAppTest.KiteUserNameValidation">
        <test-method is-config="true" signature="browserlunch()[pri:0, instance:kiteAppTest.KiteUserNameValidation@3e58a80e]" started-at="2022-04-01T18:41:40 IST" name="browserlunch" finished-at="2022-04-01T18:41:47 IST" duration-ms="7280" status="PASS">
          <reporter-output>
            <line>
              <![CDATA[Lunching Chrome Browser]]>
            </line>
            <line>
              <![CDATA[Browser Lunch Succesful]]>
            </line>
          </reporter-output>
        </test-method> <!-- browserlunch -->
        <test-method is-config="true" signature="loginToKiteApp()[pri:0, instance:kiteAppTest.KiteUserNameValidation@3e58a80e]" started-at="2022-04-01T18:41:47 IST" name="loginToKiteApp" finished-at="2022-04-01T18:41:50 IST" duration-ms="2640" status="PASS">
          <reporter-output>
          </reporter-output>
        </test-method> <!-- loginToKiteApp -->
        <test-method signature="validateuUserName()[pri:0, instance:kiteAppTest.KiteUserNameValidation@3e58a80e]" started-at="2022-04-01T18:41:50 IST" name="validateuUserName" finished-at="2022-04-01T18:41:52 IST" duration-ms="2647" status="PASS">
          <reporter-output>
            <line>
              <![CDATA[Screenshoot taken form TC 100]]>
            </line>
            <line>
              <![CDATA[validate userID]]>
            </line>
          </reporter-output>
        </test-method> <!-- validateuUserName -->
        <test-method is-config="true" signature="logoutKiteApp()[pri:0, instance:kiteAppTest.KiteUserNameValidation@3e58a80e]" started-at="2022-04-01T18:41:52 IST" name="logoutKiteApp" finished-at="2022-04-01T18:41:54 IST" duration-ms="1835" status="PASS">
          <reporter-output>
            <line>
              <![CDATA[logout Kite App]]>
            </line>
          </reporter-output>
        </test-method> <!-- logoutKiteApp -->
        <test-method is-config="true" signature="closingBrowser()[pri:0, instance:kiteAppTest.KiteUserNameValidation@3e58a80e]" started-at="2022-04-01T18:41:54 IST" name="closingBrowser" finished-at="2022-04-01T18:41:55 IST" duration-ms="502" status="PASS">
          <reporter-output>
            <line>
              <![CDATA[Closing Browser]]>
            </line>
            <line>
              <![CDATA[close Browser]]>
            </line>
          </reporter-output>
        </test-method> <!-- closingBrowser -->
      </class> <!-- kiteAppTest.KiteUserNameValidation -->
    </test> <!-- Default test -->
  </suite> <!-- Default suite -->
</testng-results>
